<?xml version="1.0" encoding="UTF-8"?>
<!-- Generated by org.testng.reporters.JUnitXMLReporter -->
<testsuite ignored="0" hostname="LAPTOP-IRKGH876" failures="0" tests="1" name="Command line test" time="0.022" errors="0" timestamp="2025-03-07T17:22:56 NZDT">
  <testcase classname="API_TestCases.BaseTest" name="@BeforeMethod Before_Method" time="-1.741321376471E9">
    <failure type="org.testng.TestNGException" message="
Parameter &amp;apos;BaseURI&amp;apos; is required by BeforeMethod on method Before_Method but has not been marked @Optional or defined
">
      <![CDATA[org.testng.TestNGException: 
Parameter 'BaseURI' is required by BeforeMethod on method Before_Method but has not been marked @Optional or defined

at java.base/java.util.ArrayList.forEach(ArrayList.java:1511)
at API_TestCases.Executor.main(Executor.java:32)
... Removed 25 stack frames]]>
    </failure>
  </testcase> <!-- @BeforeMethod Before_Method -->
  <testcase classname="API_TestCases.BaseTest" name="@AfterMethod After_Method" time="-1.741321376475E9">
    <skipped/>
  </testcase> <!-- @AfterMethod After_Method -->
  <testcase classname="API_TestCases.API_Tests" name="Test1" time="0.0">
    <skipped/>
  </testcase> <!-- Test1 -->
</testsuite> <!-- Command line test -->
