<?xml version="1.0" encoding="UTF-8"?>
<!-- Generated by org.testng.reporters.JUnitXMLReporter -->
<testsuite hostname="DESKTOP-5AOUB88" ignored="0" name="Command line test" tests="1" failures="0" timestamp="04 Mar 2025 03:56:46 GMT" time="0.032" errors="0">
  <testcase name="@BeforeMethod Before_Method" time="0.0" classname="API_TestCases.TestBase">
    <failure type="org.testng.TestNGException" message="
Parameter &amp;apos;BaseURI&amp;apos; is required by BeforeMethod on method Before_Method but has not been marked @Optional or defined
">
      <![CDATA[org.testng.TestNGException: 
Parameter 'BaseURI' is required by BeforeMethod on method Before_Method but has not been marked @Optional or defined

at API_TestCases.Executor.main(Executor.java:39)
... Removed 22 stack frames]]>
    </failure>
  </testcase> <!-- @BeforeMethod Before_Method -->
  <testcase name="@AfterMethod After_Method" time="0.0" classname="API_TestCases.TestBase">
    <skipped/>
  </testcase> <!-- @AfterMethod After_Method -->
  <testcase name="Test1" time="0.0" classname="API_TestCases.API_Tests">
    <skipped/>
  </testcase> <!-- Test1 -->
</testsuite> <!-- Command line test -->
